<?xml version="1.0" encoding="UTF-8" ?>
<testsuite errors="0" skipped="0" tests="1" time="0.281" failures="0" name="com.mysema.webmin.ConfigurationTest">
  <properties>
    <property value="Java(TM) 2 Runtime Environment, Standard Edition" name="java.runtime.name"/>
    <property value="c:\Program Files\Java\jdk1.5.0_10\jre\bin" name="sun.boot.library.path"/>
    <property value="1.5.0_10-b03" name="java.vm.version"/>
    <property value="Sun Microsystems Inc." name="java.vm.vendor"/>
    <property value="http://java.sun.com/" name="java.vendor.url"/>
    <property value=";" name="path.separator"/>
    <property value="Java HotSpot(TM) Client VM" name="java.vm.name"/>
    <property value="sun.io" name="file.encoding.pkg"/>
    <property value="US" name="user.country"/>
    <property value="Service Pack 2" name="sun.os.patch.level"/>
    <property value="Java Virtual Machine Specification" name="java.vm.specification.name"/>
    <property value="C:\work\workspace\webmin" name="user.dir"/>
    <property value="1.5.0_10-b03" name="java.runtime.version"/>
    <property value="sun.awt.Win32GraphicsEnvironment" name="java.awt.graphicsenv"/>
    <property value="C:\work\workspace\webmin" name="basedir"/>
    <property value="c:\Program Files\Java\jdk1.5.0_10\jre\lib\endorsed" name="java.endorsed.dirs"/>
    <property value="x86" name="os.arch"/>
    <property value="C:\DOCUME~1\TIMOWE~1\LOCALS~1\Temp\" name="java.io.tmpdir"/>
    <property value="
" name="line.separator"/>
    <property value="Sun Microsystems Inc." name="java.vm.specification.vendor"/>
    <property value="" name="user.variant"/>
    <property value="Windows XP" name="os.name"/>
    <property value="Cp1252" name="sun.jnu.encoding"/>
    <property value="c:\Program Files\Java\jdk1.5.0_10\jre\bin;.;C:\WINDOWS\system32;C:\WINDOWS;C:\Program Files\Java\jre1.6.0_02\bin\client;C:\Program Files\Java\jre1.6.0_02\bin;C:\Program Files\PC Connectivity Solution\;C:\Program Files\Aqsis\bin;C:\Program Files\FLAC;c:\program files\imagemagick-6.3.1-q16;C:\WINDOWS\system32;C:\WINDOWS;C:\WINDOWS\System32\Wbem;C:\Program Files\ATI Technologies\ATI Control Panel;C:\Program Files\HPQ\IAM\bin;c:\Program Files\Java\jdk1.5.0_10\bin;c:\work\maven\bin;c:\work\ant\bin;C:\Program Files\Support Tools\;C:\Program Files\QuickTime\QTSystem\" name="java.library.path"/>
    <property value="Java Platform API Specification" name="java.specification.name"/>
    <property value="49.0" name="java.class.version"/>
    <property value="HotSpot Client Compiler" name="sun.management.compiler"/>
    <property value="5.1" name="os.version"/>
    <property value="C:\Documents and Settings\Timo Westkamper" name="user.home"/>
    <property value="" name="user.timezone"/>
    <property value="sun.awt.windows.WPrinterJob" name="java.awt.printerjob"/>
    <property value="Cp1252" name="file.encoding"/>
    <property value="1.5" name="java.specification.version"/>
    <property value="Timo Westkamper" name="user.name"/>
    <property value="C:\Documents and Settings\Timo Westkamper\.m2\repository\org\apache\maven\surefire\surefire-booter\2.3\surefire-booter-2.3.jar;C:\Documents and Settings\Timo Westkamper\.m2\repository\org\apache\maven\surefire\surefire-api\2.3\surefire-api-2.3.jar;C:\Documents and Settings\Timo Westkamper\.m2\repository\org\codehaus\plexus\plexus-utils\1.1\plexus-utils-1.1.jar;C:\Documents and Settings\Timo Westkamper\.m2\repository\commons-lang\commons-lang\2.1\commons-lang-2.1.jar;C:\Documents and Settings\Timo Westkamper\.m2\repository\org\codehaus\plexus\plexus-archiver\1.0-alpha-7\plexus-archiver-1.0-alpha-7.jar;C:\Documents and Settings\Timo Westkamper\.m2\repository\org\codehaus\plexus\plexus-container-default\1.0-alpha-8\plexus-container-default-1.0-alpha-8.jar;C:\Documents and Settings\Timo Westkamper\.m2\repository\junit\junit\3.8.1\junit-3.8.1.jar;C:\Documents and Settings\Timo Westkamper\.m2\repository\classworlds\classworlds\1.1-alpha-2\classworlds-1.1-alpha-2.jar" name="java.class.path"/>
    <property value="1.0" name="java.vm.specification.version"/>
    <property value="32" name="sun.arch.data.model"/>
    <property value="c:\Program Files\Java\jdk1.5.0_10\jre" name="java.home"/>
    <property value="Sun Microsystems Inc." name="java.specification.vendor"/>
    <property value="en" name="user.language"/>
    <property value="sun.awt.windows.WToolkit" name="awt.toolkit"/>
    <property value="mixed mode, sharing" name="java.vm.info"/>
    <property value="1.5.0_10" name="java.version"/>
    <property value="c:\Program Files\Java\jdk1.5.0_10\jre\lib\ext" name="java.ext.dirs"/>
    <property value="c:\Program Files\Java\jdk1.5.0_10\jre\lib\rt.jar;c:\Program Files\Java\jdk1.5.0_10\jre\lib\i18n.jar;c:\Program Files\Java\jdk1.5.0_10\jre\lib\sunrsasign.jar;c:\Program Files\Java\jdk1.5.0_10\jre\lib\jsse.jar;c:\Program Files\Java\jdk1.5.0_10\jre\lib\jce.jar;c:\Program Files\Java\jdk1.5.0_10\jre\lib\charsets.jar;c:\Program Files\Java\jdk1.5.0_10\jre\classes" name="sun.boot.class.path"/>
    <property value="Sun Microsystems Inc." name="java.vendor"/>
    <property value="C:\Documents and Settings\Timo Westkamper\.m2\repository" name="localRepository"/>
    <property value="\" name="file.separator"/>
    <property value="http://java.sun.com/cgi-bin/bugreport.cgi" name="java.vendor.url.bug"/>
    <property value="little" name="sun.cpu.endian"/>
    <property value="UnicodeLittle" name="sun.io.unicode.encoding"/>
    <property value="windows" name="sun.desktop"/>
    <property value="" name="sun.cpu.isalist"/>
  </properties>
  <testcase time="0.235" name="testLoad"/>
</testsuite>